FILE_TYPE=LIBRARY_PARTS;
PRIMITIVE 'VLMTG1500_GS08','VLMTG1500_GS08_Other';
  PIN
    'K':
      PIN_NUMBER='(1)';
      NO_LOAD_CHECK=BOTH;
      NO_IO_CHECK=BOTH;
      ALLOW_CONNECT=TRUE;
      PINUSE='UNSPEC';
    'A':
      PIN_NUMBER='(2)';
      NO_LOAD_CHECK=BOTH;
      NO_IO_CHECK=BOTH;
      ALLOW_CONNECT=TRUE;
      PINUSE='UNSPEC';
  END_PIN;
  BODY
    PART_NAME='VLMTG1500_GS08';
    PHYS_DES_PREFIX='LED';
    NO_LOAD_CHECK='TRUE';
    PIN_COUNT='2';
    BODY_NAME='VLMTG1500_GS08';
    JEDEC_TYPE='VLMTG1500GS08';
  END_BODY;
END_PRIMITIVE;
END.
